<?xml version="1.0" encoding="UTF-8"?>
<testsuite xmlns:xsi="http://www.w3.org/2001/XMLSchema-instance" xsi:noNamespaceSchemaLocation="https://maven.apache.org/surefire/maven-surefire-plugin/xsd/surefire-test-report.xsd" version="3.0.2" name="com.example.BankingSystem.BankingSystemApplicationTests" time="9.351" tests="1" errors="0" skipped="0" failures="0">
  <properties>
[...]
</properties>
  <testcase name="contextLoads" classname="com.example.BankingSystem.BankingSystemApplicationTests" time="0.644">
    <system-out><![CDATA[23:52:44.577 [main] INFO org.springframework.test.context.support.AnnotationConfigContextLoaderUtils -- Could not detect default configuration classes for test class [com.example.BankingSystem.BankingSystemApplicationTests]: BankingSystemApplicationTests does not declare any static, non-private, non-final, nested classes annotated with @Configuration.
23:52:44.768 [main] INFO org.springframework.boot.test.context.SpringBootTestContextBootstrapper -- Found @SpringBootConfiguration com.example.BankingSystem.BankingSystemApplication for test class com.example.BankingSystem.BankingSystemApplicationTests
23:52:45.114 [main] INFO org.springframework.boot.devtools.restart.RestartApplicationListener -- Restart disabled due to context in which it is running

  .   ____          _            __ _ _
 /\\ / ___'_ __ _ _(_)_ __  __ _ \ \ \ \
( ( )\___ | '_ | '_| | '_ \/ _` | \ \ \ \
 \\/  ___)| |_)| | | | | || (_| |  ) ) ) )
  '  |____| .__|_| |_|_| |_\__, | / / / /
 =========|_|==============|___/=/_/_/_/

 :: Spring Boot ::                (v3.5.3)

2025-11-02T23:52:45.593+05:30  INFO 23896 --- [BankingSystem] [           main] c.e.B.BankingSystemApplicationTests      : Starting BankingSystemApplicationTests using Java 21.0.8 with PID 23896 (started by skhar in D:\Simple-Banking-System)
2025-11-02T23:52:45.593+05:30  INFO 23896 --- [BankingSystem] [           main] c.e.B.BankingSystemApplicationTests      : No active profile set, falling back to 1 default profile: "default"
2025-11-02T23:52:46.845+05:30  INFO 23896 --- [BankingSystem] [           main] .s.d.r.c.RepositoryConfigurationDelegate : Bootstrapping Spring Data JPA repositories in DEFAULT mode.
2025-11-02T23:52:46.999+05:30  INFO 23896 --- [BankingSystem] [           main] .s.d.r.c.RepositoryConfigurationDelegate : Finished Spring Data repository scanning in 132 ms. Found 3 JPA repository interfaces.
2025-11-02T23:52:47.786+05:30  INFO 23896 --- [BankingSystem] [           main] o.hibernate.jpa.internal.util.LogHelper  : HHH000204: Processing PersistenceUnitInfo [name: default]
2025-11-02T23:52:47.922+05:30  INFO 23896 --- [BankingSystem] [           main] org.hibernate.Version                    : HHH000412: Hibernate ORM core version 6.6.18.Final
2025-11-02T23:52:47.991+05:30  INFO 23896 --- [BankingSystem] [           main] o.h.c.internal.RegionFactoryInitiator    : HHH000026: Second-level cache disabled
2025-11-02T23:52:48.681+05:30  INFO 23896 --- [BankingSystem] [           main] o.s.o.j.p.SpringPersistenceUnitInfo      : No LoadTimeWeaver setup: ignoring JPA class transformer
2025-11-02T23:52:48.763+05:30  INFO 23896 --- [BankingSystem] [           main] com.zaxxer.hikari.HikariDataSource       : HikariPool-1 - Starting...
2025-11-02T23:52:49.519+05:30  INFO 23896 --- [BankingSystem] [           main] com.zaxxer.hikari.pool.HikariPool        : HikariPool-1 - Added connection com.mysql.cj.jdbc.ConnectionImpl@77ba583
2025-11-02T23:52:49.521+05:30  INFO 23896 --- [BankingSystem] [           main] com.zaxxer.hikari.HikariDataSource       : HikariPool-1 - Start completed.
2025-11-02T23:52:49.650+05:30  WARN 23896 --- [BankingSystem] [           main] org.hibernate.orm.deprecation            : HHH90000025: MySQL8Dialect does not need to be specified explicitly using 'hibernate.dialect' (remove the property setting and it will be selected by default)
2025-11-02T23:52:49.650+05:30  WARN 23896 --- [BankingSystem] [           main] org.hibernate.orm.deprecation            : HHH90000026: MySQL8Dialect has been deprecated; use org.hibernate.dialect.MySQLDialect instead
2025-11-02T23:52:49.685+05:30  INFO 23896 --- [BankingSystem] [           main] org.hibernate.orm.connections.pooling    : HHH10001005: Database info:
	Database JDBC URL [Connecting through datasource 'HikariDataSource (HikariPool-1)']
	Database driver: undefined/unknown
	Database version: 8.0
	Autocommit mode: undefined/unknown
	Isolation level: undefined/unknown
	Minimum pool size: undefined/unknown
	Maximum pool size: undefined/unknown
2025-11-02T23:52:51.108+05:30  INFO 23896 --- [BankingSystem] [           main] o.h.e.t.j.p.i.JtaPlatformInitiator       : HHH000489: No JTA platform available (set 'hibernate.transaction.jta.platform' to enable JTA platform integration)
2025-11-02T23:52:51.261+05:30  INFO 23896 --- [BankingSystem] [           main] j.LocalContainerEntityManagerFactoryBean : Initialized JPA EntityManagerFactory for persistence unit 'default'
2025-11-02T23:52:52.234+05:30  WARN 23896 --- [BankingSystem] [           main] JpaBaseConfiguration$JpaWebConfiguration : spring.jpa.open-in-view is enabled by default. Therefore, database queries may be performed during view rendering. Explicitly configure spring.jpa.open-in-view to disable this warning
2025-11-02T23:52:52.950+05:30  INFO 23896 --- [BankingSystem] [           main] c.e.B.BankingSystemApplicationTests      : Started BankingSystemApplicationTests in 7.857 seconds (process running for 9.727)
]]></system-out>
    <system-err><![CDATA[Mockito is currently self-attaching to enable the inline-mock-maker. This will no longer work in future releases of the JDK. Please add Mockito as an agent to your build as described in Mockito's documentation: https://javadoc.io/doc/org.mockito/mockito-core/latest/org.mockito/org/mockito/Mockito.html#0.3
WARNING: A Java agent has been loaded dynamically (C:\Users\skhar\.m2\repository\net\bytebuddy\byte-buddy-agent\1.17.6\byte-buddy-agent-1.17.6.jar)
WARNING: If a serviceability tool is in use, please run with -XX:+EnableDynamicAgentLoading to hide this warning
WARNING: If a serviceability tool is not in use, please run with -Djdk.instrument.traceUsage for more information
WARNING: Dynamic loading of agents will be disallowed by default in a future release
]]></system-err>
  </testcase>
</testsuite>